This file contains any messages produced by compilers while
running configure, to aid debugging if configure makes a mistake.

It was created by genom3-fiacre configure 1.0.0, which was
generated by GNU Autoconf 2.69.  Invocation command line was

  $ ../configure --prefix=/home/foughalm/robotics/

## --------- ##
## Platform. ##
## --------- ##

hostname = isoard
uname -m = x86_64
uname -r = 4.15.0-96-generic
uname -s = Linux
uname -v = #97-Ubuntu SMP Wed Apr 1 03:25:46 UTC 2020

/usr/bin/uname -p = unknown
/bin/uname -X     = unknown

/bin/arch              = unknown
/usr/bin/arch -k       = unknown
/usr/convex/getsysinfo = unknown
/usr/bin/hostinfo      = unknown
/bin/machine           = unknown
/usr/bin/oslevel       = unknown
/bin/universe          = unknown

PATH: /home/foughalm/robotics/bin
PATH: /home/foughalm/robotics/sbin
PATH: PATH
PATH: /usr/local/sbin
PATH: /usr/local/bin
PATH: /usr/sbin
PATH: /usr/bin
PATH: /sbin
PATH: /bin
PATH: /usr/games
PATH: /usr/local/games
PATH: /snap/bin


## ----------- ##
## Core tests. ##
## ----------- ##

configure:1790: checking for a BSD-compatible install
configure:1858: result: /usr/bin/install -c
configure:1869: checking whether build environment is sane
configure:1924: result: yes
configure:2075: checking for a thread-safe mkdir -p
configure:2114: result: /bin/mkdir -p
configure:2121: checking for gawk
configure:2137: found /usr/bin/gawk
configure:2148: result: gawk
configure:2159: checking whether make sets $(MAKE)
configure:2181: result: yes
configure:2210: checking whether make supports nested variables
configure:2227: result: yes
configure:2402: checking for pkg-config
configure:2420: found /usr/bin/pkg-config
configure:2432: result: /usr/bin/pkg-config
configure:2457: checking pkg-config is at least version 0.9.0
configure:2460: result: yes
configure:2470: checking for genom3
configure:2477: $PKG_CONFIG --exists --print-errors "genom3 >= 2.99.20"
configure:2480: $? = 0
configure:2494: $PKG_CONFIG --exists --print-errors "genom3 >= 2.99.20"
configure:2497: $? = 0
configure:2555: result: yes
configure:2563: $PKG_CONFIG --exists --print-errors "genom3 >= 2.99.20"
configure:2566: $? = 0
configure:2580: $PKG_CONFIG --exists --print-errors "genom3 >= 2.99.20"
configure:2583: $? = 0
configure:2752: checking that generated files are newer than configure
configure:2758: result: done
configure:2766: creating ./config.status

## ---------------------- ##
## Running config.status. ##
## ---------------------- ##

This file was extended by genom3-fiacre config.status 1.0.0, which was
generated by GNU Autoconf 2.69.  Invocation command line was

  CONFIG_FILES    = 
  CONFIG_HEADERS  = 
  CONFIG_LINKS    = 
  CONFIG_COMMANDS = 
  $ ./config.status 

on isoard

config.status:749: creating Makefile

## ---------------- ##
## Cache variables. ##
## ---------------- ##

ac_cv_env_PKG_CONFIG_LIBDIR_set=
ac_cv_env_PKG_CONFIG_LIBDIR_value=
ac_cv_env_PKG_CONFIG_PATH_set=set
ac_cv_env_PKG_CONFIG_PATH_value=:/home/foughalm/robotics/lib/pkgconfig
ac_cv_env_PKG_CONFIG_set=
ac_cv_env_PKG_CONFIG_value=
ac_cv_env_build_alias_set=
ac_cv_env_build_alias_value=
ac_cv_env_genom3_CFLAGS_set=
ac_cv_env_genom3_CFLAGS_value=
ac_cv_env_genom3_LIBS_set=
ac_cv_env_genom3_LIBS_value=
ac_cv_env_host_alias_set=
ac_cv_env_host_alias_value=
ac_cv_env_target_alias_set=
ac_cv_env_target_alias_value=
ac_cv_path_ac_pt_PKG_CONFIG=/usr/bin/pkg-config
ac_cv_path_install='/usr/bin/install -c'
ac_cv_path_mkdir=/bin/mkdir
ac_cv_prog_AWK=gawk
ac_cv_prog_make_make_set=yes
am_cv_make_support_nested_variables=yes
pkg_cv_genom3_CFLAGS=-I/home/foughalm/robotics/include
pkg_cv_genom3_LIBS=
pkg_cv_genom3prefix=/home/foughalm/robotics
pkg_cv_genom3sitedir=/home/foughalm/robotics/share/genom/site-templates

## ----------------- ##
## Output variables. ##
## ----------------- ##

ACLOCAL='${SHELL} /home/foughalm/robotics/genom3-fiacre-template/autoconf/missing aclocal-1.15'
AMTAR='$${TAR-tar}'
AM_BACKSLASH='\'
AM_DEFAULT_V='$(AM_DEFAULT_VERBOSITY)'
AM_DEFAULT_VERBOSITY='1'
AM_V='$(V)'
AUTOCONF='${SHELL} /home/foughalm/robotics/genom3-fiacre-template/autoconf/missing autoconf'
AUTOHEADER='${SHELL} /home/foughalm/robotics/genom3-fiacre-template/autoconf/missing autoheader'
AUTOMAKE='${SHELL} /home/foughalm/robotics/genom3-fiacre-template/autoconf/missing automake-1.15'
AWK='gawk'
CYGPATH_W='echo'
DEFS='-DPACKAGE_NAME=\"genom3-fiacre\" -DPACKAGE_TARNAME=\"genom3-fiacre\" -DPACKAGE_VERSION=\"1.0.0\" -DPACKAGE_STRING=\"genom3-fiacre\ 1.0.0\" -DPACKAGE_BUGREPORT=\"mfoughal@laas.fr\" -DPACKAGE_URL=\"\"'
ECHO_C=''
ECHO_N='-n'
ECHO_T=''
INSTALL_DATA='${INSTALL} -m 644'
INSTALL_PROGRAM='${INSTALL}'
INSTALL_SCRIPT='${INSTALL}'
INSTALL_STRIP_PROGRAM='$(install_sh) -c -s'
LIBOBJS=''
LIBS=''
LTLIBOBJS=''
MAKEINFO='${SHELL} /home/foughalm/robotics/genom3-fiacre-template/autoconf/missing makeinfo'
MKDIR_P='/bin/mkdir -p'
PACKAGE='genom3-fiacre'
PACKAGE_BUGREPORT='mfoughal@laas.fr'
PACKAGE_NAME='genom3-fiacre'
PACKAGE_STRING='genom3-fiacre 1.0.0'
PACKAGE_TARNAME='genom3-fiacre'
PACKAGE_URL=''
PACKAGE_VERSION='1.0.0'
PATH_SEPARATOR=':'
PKG_CONFIG='/usr/bin/pkg-config'
PKG_CONFIG_LIBDIR=''
PKG_CONFIG_PATH=':/home/foughalm/robotics/lib/pkgconfig'
SET_MAKE=''
SHELL='/bin/bash'
STRIP=''
VERSION='1.0.0'
am__isrc=' -I$(srcdir)'
am__leading_dot='.'
am__tar='$${TAR-tar} chof - "$$tardir"'
am__untar='$${TAR-tar} xf -'
bindir='${exec_prefix}/bin'
build_alias=''
datadir='${datarootdir}'
datarootdir='${prefix}/share'
docdir='${datarootdir}/doc/${PACKAGE_TARNAME}'
dvidir='${docdir}'
exec_prefix='${prefix}'
genom3_CFLAGS='-I/home/foughalm/robotics/include'
genom3_LIBS=''
genom3sitedir='share/genom/site-templates'
host_alias=''
htmldir='${docdir}'
includedir='${prefix}/include'
infodir='${datarootdir}/info'
install_sh='${SHELL} /home/foughalm/robotics/genom3-fiacre-template/autoconf/install-sh'
libdir='${exec_prefix}/lib'
libexecdir='${exec_prefix}/libexec'
localedir='${datarootdir}/locale'
localstatedir='${prefix}/var'
mandir='${datarootdir}/man'
mkdir_p='$(MKDIR_P)'
oldincludedir='/usr/include'
pdfdir='${docdir}'
prefix='/home/foughalm/robotics'
program_transform_name='s,x,x,'
psdir='${docdir}'
runstatedir='${localstatedir}/run'
sbindir='${exec_prefix}/sbin'
sharedstatedir='${prefix}/com'
sysconfdir='${prefix}/etc'
target_alias=''

## ----------- ##
## confdefs.h. ##
## ----------- ##

/* confdefs.h */
#define PACKAGE_NAME "genom3-fiacre"
#define PACKAGE_TARNAME "genom3-fiacre"
#define PACKAGE_VERSION "1.0.0"
#define PACKAGE_STRING "genom3-fiacre 1.0.0"
#define PACKAGE_BUGREPORT "mfoughal@laas.fr"
#define PACKAGE_URL ""

configure: exit 0
